Determining if the pthread_create exist failed with the following output:
Change Dir: /home/edplab/realsense_ws/build/CMakeFiles/CMakeTmp

Run Build Command:"/usr/bin/make" "cmTC_84319/fast"
/usr/bin/make -f CMakeFiles/cmTC_84319.dir/build.make CMakeFiles/cmTC_84319.dir/build
make[1]: Entering directory '/home/edplab/realsense_ws/build/CMakeFiles/CMakeTmp'
Building C object CMakeFiles/cmTC_84319.dir/CheckSymbolExists.c.o
/usr/bin/cc     -o CMakeFiles/cmTC_84319.dir/CheckSymbolExists.c.o   -c /home/edplab/realsense_ws/build/CMakeFiles/CMakeTmp/CheckSymbolExists.c
Linking C executable cmTC_84319
/usr/bin/cmake -E cmake_link_script CMakeFiles/cmTC_84319.dir/link.txt --verbose=1
/usr/bin/cc       CMakeFiles/cmTC_84319.dir/CheckSymbolExists.c.o  -o cmTC_84319 -rdynamic 
CMakeFiles/cmTC_84319.dir/CheckSymbolExists.c.o: In function `main':
CheckSymbolExists.c:(.text+0x16): undefined reference to `pthread_create'
collect2: error: ld returned 1 exit status
CMakeFiles/cmTC_84319.dir/build.make:97: recipe for target 'cmTC_84319' failed
make[1]: *** [cmTC_84319] Error 1
make[1]: Leaving directory '/home/edplab/realsense_ws/build/CMakeFiles/CMakeTmp'
Makefile:126: recipe for target 'cmTC_84319/fast' failed
make: *** [cmTC_84319/fast] Error 2

File /home/edplab/realsense_ws/build/CMakeFiles/CMakeTmp/CheckSymbolExists.c:
/* */
#include <pthread.h>

int main(int argc, char** argv)
{
  (void)argv;
#ifndef pthread_create
  return ((int*)(&pthread_create))[argc];
#else
  (void)argc;
  return 0;
#endif
}

Determining if the function pthread_create exists in the pthreads failed with the following output:
Change Dir: /home/edplab/realsense_ws/build/CMakeFiles/CMakeTmp

Run Build Command:"/usr/bin/make" "cmTC_da88f/fast"
/usr/bin/make -f CMakeFiles/cmTC_da88f.dir/build.make CMakeFiles/cmTC_da88f.dir/build
make[1]: Entering directory '/home/edplab/realsense_ws/build/CMakeFiles/CMakeTmp'
Building C object CMakeFiles/cmTC_da88f.dir/CheckFunctionExists.c.o
/usr/bin/cc    -DCHECK_FUNCTION_EXISTS=pthread_create   -o CMakeFiles/cmTC_da88f.dir/CheckFunctionExists.c.o   -c /usr/share/cmake-3.5/Modules/CheckFunctionExists.c
Linking C executable cmTC_da88f
/usr/bin/cmake -E cmake_link_script CMakeFiles/cmTC_da88f.dir/link.txt --verbose=1
/usr/bin/cc   -DCHECK_FUNCTION_EXISTS=pthread_create    CMakeFiles/cmTC_da88f.dir/CheckFunctionExists.c.o  -o cmTC_da88f -rdynamic -lpthreads 
/usr/bin/ld: cannot find -lpthreads
collect2: error: ld returned 1 exit status
CMakeFiles/cmTC_da88f.dir/build.make:97: recipe for target 'cmTC_da88f' failed
make[1]: *** [cmTC_da88f] Error 1
make[1]: Leaving directory '/home/edplab/realsense_ws/build/CMakeFiles/CMakeTmp'
Makefile:126: recipe for target 'cmTC_da88f/fast' failed
make: *** [cmTC_da88f/fast] Error 2


